<?xml version="1.0" encoding="UTF-8"?>
<!-- Generated by org.testng.reporters.JUnitXMLReporter -->
<testsuite ignored="0" hostname="Ritiks-MacBook-Pro.local" failures="1" tests="1" name="Test" time="13.485" errors="0" timestamp="2026-05-07T13:57:12 EDT">
  <testcase classname="testCases.CarbohydrateCalculatorTest" name="TC001_calculateCarbsForAverageAdultMale_Imperial" time="0.02">
    <failure type="java.lang.NullPointerException" message="Cannot invoke &amp;quot;pages.CarbohydrateCalculatorPage.selectUSUnits()&amp;quot; because &amp;quot;this.page&amp;quot; is null">
      <![CDATA[java.lang.NullPointerException: Cannot invoke "pages.CarbohydrateCalculatorPage.selectUSUnits()" because "this.page" is null
at testCases.CarbohydrateCalculatorTest.TC001_calculateCarbsForAverageAdultMale_Imperial(CarbohydrateCalculatorTest.java:15)
at java.base/java.util.ArrayList.forEach(ArrayList.java:1596)
... Removed 25 stack frames]]>
    </failure>
  </testcase> <!-- TC001_calculateCarbsForAverageAdultMale_Imperial -->
</testsuite> <!-- Test -->
