<?xml version="1.0" encoding="UTF-8"?>
<!-- Generated by org.testng.reporters.JUnitXMLReporter -->
<testsuite ignored="0" hostname="Ritiks-MacBook-Pro.local" failures="1" tests="10" name="Test" time="81.324" errors="0" timestamp="2026-05-08T02:59:41 EDT">
  <testcase classname="testCases.CarbohydrateCalculatorTest" name="TC001_calculateCarbsForAverageAdultMale_Imperial" time="4.355"/>
  <testcase classname="testCases.CarbohydrateCalculatorTest" name="TC008_emptyWeightField_ShouldShowValidationError" time="5.101"/>
  <testcase classname="testCases.CarbohydrateCalculatorTest" name="TC018_specialCharactersInAgeField_ShouldShowValidationError" time="4.198"/>
  <testcase classname="testCases.CarbohydrateCalculatorTest" name="TC023_minValidHeight_Imperial_ShouldYieldResult" time="9.781"/>
  <testcase classname="testCases.CarbohydrateCalculatorTest" name="TC028_equivalentImperialAndMetricInputs_ResultsWithinTolerance" time="6.217"/>
  <testcase classname="testCases.CarbohydrateCalculatorTest" name="TC029_MifflinStJeor_BMRFormulaVerification" time="2.978"/>
  <testcase classname="testCases.CarbohydrateCalculatorTest" name="TC033_pageLoadsInUnder3Seconds" time="0.284"/>
  <testcase classname="testCases.CarbohydrateCalculatorTest" name="TC036_allFieldsHaveAssociatedLabels" time="0.032">
    <failure type="java.lang.AssertionError" message="Missing label for: Age (cage) expected [true] but found [false]">
      <![CDATA[java.lang.AssertionError: Missing label for: Age (cage) expected [true] but found [false]
at testCases.CarbohydrateCalculatorTest.TC036_allFieldsHaveAssociatedLabels(CarbohydrateCalculatorTest.java:157)
at java.base/java.util.ArrayList.forEach(ArrayList.java:1596)
... Removed 28 stack frames]]>
    </failure>
  </testcase> <!-- TC036_allFieldsHaveAssociatedLabels -->
  <testcase classname="testCases.CarbohydrateCalculatorTest" name="TC048_resultNotShownBeforeFirstCalculation" time="5.241"/>
  <testcase classname="testCases.CarbohydrateCalculatorTest" name="TC050_printResultSectionIsClean" time="3.004"/>
</testsuite> <!-- Test -->
