<?xml version="1.0" encoding="UTF-8"?>
<testng-results ignored="0" total="10" passed="9" failed="1" skipped="0">
  <reporter-output>
  </reporter-output>
  <suite started-at="2026-05-08T02:58:19 EDT" name="Suite" finished-at="2026-05-08T02:59:41 EDT" duration-ms="81324">
    <groups>
      <group name="boundary">
        <method signature="CarbohydrateCalculatorTest.TC023_minValidHeight_Imperial_ShouldYieldResult()[pri:0, instance:testCases.CarbohydrateCalculatorTest@389adf1d]" name="TC023_minValidHeight_Imperial_ShouldYieldResult" class="testCases.CarbohydrateCalculatorTest"/>
      </group> <!-- boundary -->
      <group name="functional">
        <method signature="CarbohydrateCalculatorTest.TC001_calculateCarbsForAverageAdultMale_Imperial()[pri:0, instance:testCases.CarbohydrateCalculatorTest@389adf1d]" name="TC001_calculateCarbsForAverageAdultMale_Imperial" class="testCases.CarbohydrateCalculatorTest"/>
        <method signature="CarbohydrateCalculatorTest.TC008_emptyWeightField_ShouldShowValidationError()[pri:0, instance:testCases.CarbohydrateCalculatorTest@389adf1d]" name="TC008_emptyWeightField_ShouldShowValidationError" class="testCases.CarbohydrateCalculatorTest"/>
      </group> <!-- functional -->
      <group name="input-validation">
        <method signature="CarbohydrateCalculatorTest.TC008_emptyWeightField_ShouldShowValidationError()[pri:0, instance:testCases.CarbohydrateCalculatorTest@389adf1d]" name="TC008_emptyWeightField_ShouldShowValidationError" class="testCases.CarbohydrateCalculatorTest"/>
        <method signature="CarbohydrateCalculatorTest.TC018_specialCharactersInAgeField_ShouldShowValidationError()[pri:0, instance:testCases.CarbohydrateCalculatorTest@389adf1d]" name="TC018_specialCharactersInAgeField_ShouldShowValidationError" class="testCases.CarbohydrateCalculatorTest"/>
        <method signature="CarbohydrateCalculatorTest.TC023_minValidHeight_Imperial_ShouldYieldResult()[pri:0, instance:testCases.CarbohydrateCalculatorTest@389adf1d]" name="TC023_minValidHeight_Imperial_ShouldYieldResult" class="testCases.CarbohydrateCalculatorTest"/>
      </group> <!-- input-validation -->
      <group name="accessibility">
        <method signature="CarbohydrateCalculatorTest.TC036_allFieldsHaveAssociatedLabels()[pri:0, instance:testCases.CarbohydrateCalculatorTest@389adf1d]" name="TC036_allFieldsHaveAssociatedLabels" class="testCases.CarbohydrateCalculatorTest"/>
      </group> <!-- accessibility -->
      <group name="positive">
        <method signature="CarbohydrateCalculatorTest.TC001_calculateCarbsForAverageAdultMale_Imperial()[pri:0, instance:testCases.CarbohydrateCalculatorTest@389adf1d]" name="TC001_calculateCarbsForAverageAdultMale_Imperial" class="testCases.CarbohydrateCalculatorTest"/>
      </group> <!-- positive -->
      <group name="manual">
        <method signature="CarbohydrateCalculatorTest.TC050_printResultSectionIsClean()[pri:0, instance:testCases.CarbohydrateCalculatorTest@389adf1d]" name="TC050_printResultSectionIsClean" class="testCases.CarbohydrateCalculatorTest"/>
      </group> <!-- manual -->
      <group name="calculation-accuracy">
        <method signature="CarbohydrateCalculatorTest.TC029_MifflinStJeor_BMRFormulaVerification()[pri:0, instance:testCases.CarbohydrateCalculatorTest@389adf1d]" name="TC029_MifflinStJeor_BMRFormulaVerification" class="testCases.CarbohydrateCalculatorTest"/>
      </group> <!-- calculation-accuracy -->
      <group name="consistency">
        <method signature="CarbohydrateCalculatorTest.TC028_equivalentImperialAndMetricInputs_ResultsWithinTolerance()[pri:0, instance:testCases.CarbohydrateCalculatorTest@389adf1d]" name="TC028_equivalentImperialAndMetricInputs_ResultsWithinTolerance" class="testCases.CarbohydrateCalculatorTest"/>
      </group> <!-- consistency -->
      <group name="unit-conversion">
        <method signature="CarbohydrateCalculatorTest.TC028_equivalentImperialAndMetricInputs_ResultsWithinTolerance()[pri:0, instance:testCases.CarbohydrateCalculatorTest@389adf1d]" name="TC028_equivalentImperialAndMetricInputs_ResultsWithinTolerance" class="testCases.CarbohydrateCalculatorTest"/>
      </group> <!-- unit-conversion -->
      <group name="negative">
        <method signature="CarbohydrateCalculatorTest.TC008_emptyWeightField_ShouldShowValidationError()[pri:0, instance:testCases.CarbohydrateCalculatorTest@389adf1d]" name="TC008_emptyWeightField_ShouldShowValidationError" class="testCases.CarbohydrateCalculatorTest"/>
        <method signature="CarbohydrateCalculatorTest.TC018_specialCharactersInAgeField_ShouldShowValidationError()[pri:0, instance:testCases.CarbohydrateCalculatorTest@389adf1d]" name="TC018_specialCharactersInAgeField_ShouldShowValidationError" class="testCases.CarbohydrateCalculatorTest"/>
      </group> <!-- negative -->
      <group name="usability">
        <method signature="CarbohydrateCalculatorTest.TC050_printResultSectionIsClean()[pri:0, instance:testCases.CarbohydrateCalculatorTest@389adf1d]" name="TC050_printResultSectionIsClean" class="testCases.CarbohydrateCalculatorTest"/>
      </group> <!-- usability -->
      <group name="performance">
        <method signature="CarbohydrateCalculatorTest.TC033_pageLoadsInUnder3Seconds()[pri:0, instance:testCases.CarbohydrateCalculatorTest@389adf1d]" name="TC033_pageLoadsInUnder3Seconds" class="testCases.CarbohydrateCalculatorTest"/>
      </group> <!-- performance -->
      <group name="happy-path">
        <method signature="CarbohydrateCalculatorTest.TC001_calculateCarbsForAverageAdultMale_Imperial()[pri:0, instance:testCases.CarbohydrateCalculatorTest@389adf1d]" name="TC001_calculateCarbsForAverageAdultMale_Imperial" class="testCases.CarbohydrateCalculatorTest"/>
      </group> <!-- happy-path -->
      <group name="formula">
        <method signature="CarbohydrateCalculatorTest.TC029_MifflinStJeor_BMRFormulaVerification()[pri:0, instance:testCases.CarbohydrateCalculatorTest@389adf1d]" name="TC029_MifflinStJeor_BMRFormulaVerification" class="testCases.CarbohydrateCalculatorTest"/>
      </group> <!-- formula -->
      <group name="ui-ux">
        <method signature="CarbohydrateCalculatorTest.TC048_resultNotShownBeforeFirstCalculation()[pri:0, instance:testCases.CarbohydrateCalculatorTest@389adf1d]" name="TC048_resultNotShownBeforeFirstCalculation" class="testCases.CarbohydrateCalculatorTest"/>
      </group> <!-- ui-ux -->
    </groups>
    <test started-at="2026-05-08T02:58:19 EDT" name="Test" finished-at="2026-05-08T02:59:41 EDT" duration-ms="81324">
      <class name="testCases.CarbohydrateCalculatorTest">
        <test-method is-config="true" signature="setUp()[pri:0, instance:testCases.CarbohydrateCalculatorTest@389adf1d]" started-at="2026-05-08T02:58:20 EDT" name="setUp" finished-at="2026-05-08T02:58:25 EDT" duration-ms="5511" status="PASS">
          <reporter-output>
          </reporter-output>
        </test-method> <!-- setUp -->
        <test-method is-config="true" signature="setupPage()[pri:0, instance:testCases.CarbohydrateCalculatorTest@389adf1d]" started-at="2026-05-08T02:58:25 EDT" name="setupPage" finished-at="2026-05-08T02:58:26 EDT" duration-ms="1177" status="PASS">
          <reporter-output>
          </reporter-output>
        </test-method> <!-- setupPage -->
        <test-method signature="TC001_calculateCarbsForAverageAdultMale_Imperial()[pri:0, instance:testCases.CarbohydrateCalculatorTest@389adf1d]" started-at="2026-05-08T02:58:26 EDT" name="TC001_calculateCarbsForAverageAdultMale_Imperial" finished-at="2026-05-08T02:58:31 EDT" duration-ms="4355" status="PASS">
          <reporter-output>
          </reporter-output>
        </test-method> <!-- TC001_calculateCarbsForAverageAdultMale_Imperial -->
        <test-method is-config="true" signature="tearDown()[pri:0, instance:testCases.CarbohydrateCalculatorTest@389adf1d]" started-at="2026-05-08T02:58:31 EDT" name="tearDown" finished-at="2026-05-08T02:58:31 EDT" duration-ms="418" status="PASS">
          <reporter-output>
          </reporter-output>
        </test-method> <!-- tearDown -->
        <test-method is-config="true" signature="setUp()[pri:0, instance:testCases.CarbohydrateCalculatorTest@389adf1d]" started-at="2026-05-08T02:58:31 EDT" name="setUp" finished-at="2026-05-08T02:58:34 EDT" duration-ms="3126" status="PASS">
          <reporter-output>
          </reporter-output>
        </test-method> <!-- setUp -->
        <test-method is-config="true" signature="setupPage()[pri:0, instance:testCases.CarbohydrateCalculatorTest@389adf1d]" started-at="2026-05-08T02:58:34 EDT" name="setupPage" finished-at="2026-05-08T02:58:35 EDT" duration-ms="1319" status="PASS">
          <reporter-output>
          </reporter-output>
        </test-method> <!-- setupPage -->
        <test-method signature="TC008_emptyWeightField_ShouldShowValidationError()[pri:0, instance:testCases.CarbohydrateCalculatorTest@389adf1d]" started-at="2026-05-08T02:58:35 EDT" name="TC008_emptyWeightField_ShouldShowValidationError" finished-at="2026-05-08T02:58:41 EDT" duration-ms="5101" status="PASS">
          <reporter-output>
          </reporter-output>
        </test-method> <!-- TC008_emptyWeightField_ShouldShowValidationError -->
        <test-method is-config="true" signature="tearDown()[pri:0, instance:testCases.CarbohydrateCalculatorTest@389adf1d]" started-at="2026-05-08T02:58:41 EDT" name="tearDown" finished-at="2026-05-08T02:58:41 EDT" duration-ms="279" status="PASS">
          <reporter-output>
          </reporter-output>
        </test-method> <!-- tearDown -->
        <test-method is-config="true" signature="setUp()[pri:0, instance:testCases.CarbohydrateCalculatorTest@389adf1d]" started-at="2026-05-08T02:58:41 EDT" name="setUp" finished-at="2026-05-08T02:58:44 EDT" duration-ms="3213" status="PASS">
          <reporter-output>
          </reporter-output>
        </test-method> <!-- setUp -->
        <test-method is-config="true" signature="setupPage()[pri:0, instance:testCases.CarbohydrateCalculatorTest@389adf1d]" started-at="2026-05-08T02:58:44 EDT" name="setupPage" finished-at="2026-05-08T02:58:45 EDT" duration-ms="1067" status="PASS">
          <reporter-output>
          </reporter-output>
        </test-method> <!-- setupPage -->
        <test-method signature="TC018_specialCharactersInAgeField_ShouldShowValidationError()[pri:0, instance:testCases.CarbohydrateCalculatorTest@389adf1d]" started-at="2026-05-08T02:58:45 EDT" name="TC018_specialCharactersInAgeField_ShouldShowValidationError" finished-at="2026-05-08T02:58:49 EDT" duration-ms="4198" status="PASS">
          <reporter-output>
          </reporter-output>
        </test-method> <!-- TC018_specialCharactersInAgeField_ShouldShowValidationError -->
        <test-method is-config="true" signature="tearDown()[pri:0, instance:testCases.CarbohydrateCalculatorTest@389adf1d]" started-at="2026-05-08T02:58:49 EDT" name="tearDown" finished-at="2026-05-08T02:58:50 EDT" duration-ms="320" status="PASS">
          <reporter-output>
          </reporter-output>
        </test-method> <!-- tearDown -->
        <test-method is-config="true" signature="setUp()[pri:0, instance:testCases.CarbohydrateCalculatorTest@389adf1d]" started-at="2026-05-08T02:58:50 EDT" name="setUp" finished-at="2026-05-08T02:58:53 EDT" duration-ms="3066" status="PASS">
          <reporter-output>
          </reporter-output>
        </test-method> <!-- setUp -->
        <test-method is-config="true" signature="setupPage()[pri:0, instance:testCases.CarbohydrateCalculatorTest@389adf1d]" started-at="2026-05-08T02:58:53 EDT" name="setupPage" finished-at="2026-05-08T02:58:54 EDT" duration-ms="1716" status="PASS">
          <reporter-output>
          </reporter-output>
        </test-method> <!-- setupPage -->
        <test-method signature="TC023_minValidHeight_Imperial_ShouldYieldResult()[pri:0, instance:testCases.CarbohydrateCalculatorTest@389adf1d]" started-at="2026-05-08T02:58:54 EDT" name="TC023_minValidHeight_Imperial_ShouldYieldResult" finished-at="2026-05-08T02:59:04 EDT" duration-ms="9781" status="PASS">
          <reporter-output>
          </reporter-output>
        </test-method> <!-- TC023_minValidHeight_Imperial_ShouldYieldResult -->
        <test-method is-config="true" signature="tearDown()[pri:0, instance:testCases.CarbohydrateCalculatorTest@389adf1d]" started-at="2026-05-08T02:59:04 EDT" name="tearDown" finished-at="2026-05-08T02:59:04 EDT" duration-ms="252" status="PASS">
          <reporter-output>
          </reporter-output>
        </test-method> <!-- tearDown -->
        <test-method is-config="true" signature="setUp()[pri:0, instance:testCases.CarbohydrateCalculatorTest@389adf1d]" started-at="2026-05-08T02:59:04 EDT" name="setUp" finished-at="2026-05-08T02:59:07 EDT" duration-ms="2140" status="PASS">
          <reporter-output>
          </reporter-output>
        </test-method> <!-- setUp -->
        <test-method is-config="true" signature="setupPage()[pri:0, instance:testCases.CarbohydrateCalculatorTest@389adf1d]" started-at="2026-05-08T02:59:07 EDT" name="setupPage" finished-at="2026-05-08T02:59:08 EDT" duration-ms="880" status="PASS">
          <reporter-output>
          </reporter-output>
        </test-method> <!-- setupPage -->
        <test-method signature="TC028_equivalentImperialAndMetricInputs_ResultsWithinTolerance()[pri:0, instance:testCases.CarbohydrateCalculatorTest@389adf1d]" started-at="2026-05-08T02:59:08 EDT" name="TC028_equivalentImperialAndMetricInputs_ResultsWithinTolerance" finished-at="2026-05-08T02:59:14 EDT" duration-ms="6217" status="PASS">
          <reporter-output>
          </reporter-output>
        </test-method> <!-- TC028_equivalentImperialAndMetricInputs_ResultsWithinTolerance -->
        <test-method is-config="true" signature="tearDown()[pri:0, instance:testCases.CarbohydrateCalculatorTest@389adf1d]" started-at="2026-05-08T02:59:14 EDT" name="tearDown" finished-at="2026-05-08T02:59:14 EDT" duration-ms="217" status="PASS">
          <reporter-output>
          </reporter-output>
        </test-method> <!-- tearDown -->
        <test-method is-config="true" signature="setUp()[pri:0, instance:testCases.CarbohydrateCalculatorTest@389adf1d]" started-at="2026-05-08T02:59:14 EDT" name="setUp" finished-at="2026-05-08T02:59:16 EDT" duration-ms="1872" status="PASS">
          <reporter-output>
          </reporter-output>
        </test-method> <!-- setUp -->
        <test-method is-config="true" signature="setupPage()[pri:0, instance:testCases.CarbohydrateCalculatorTest@389adf1d]" started-at="2026-05-08T02:59:16 EDT" name="setupPage" finished-at="2026-05-08T02:59:17 EDT" duration-ms="1013" status="PASS">
          <reporter-output>
          </reporter-output>
        </test-method> <!-- setupPage -->
        <test-method signature="TC029_MifflinStJeor_BMRFormulaVerification()[pri:0, instance:testCases.CarbohydrateCalculatorTest@389adf1d]" started-at="2026-05-08T02:59:17 EDT" name="TC029_MifflinStJeor_BMRFormulaVerification" finished-at="2026-05-08T02:59:20 EDT" duration-ms="2978" status="PASS">
          <reporter-output>
          </reporter-output>
        </test-method> <!-- TC029_MifflinStJeor_BMRFormulaVerification -->
        <test-method is-config="true" signature="tearDown()[pri:0, instance:testCases.CarbohydrateCalculatorTest@389adf1d]" started-at="2026-05-08T02:59:20 EDT" name="tearDown" finished-at="2026-05-08T02:59:20 EDT" duration-ms="215" status="PASS">
          <reporter-output>
          </reporter-output>
        </test-method> <!-- tearDown -->
        <test-method is-config="true" signature="setUp()[pri:0, instance:testCases.CarbohydrateCalculatorTest@389adf1d]" started-at="2026-05-08T02:59:20 EDT" name="setUp" finished-at="2026-05-08T02:59:22 EDT" duration-ms="1954" status="PASS">
          <reporter-output>
          </reporter-output>
        </test-method> <!-- setUp -->
        <test-method is-config="true" signature="setupPage()[pri:0, instance:testCases.CarbohydrateCalculatorTest@389adf1d]" started-at="2026-05-08T02:59:22 EDT" name="setupPage" finished-at="2026-05-08T02:59:23 EDT" duration-ms="947" status="PASS">
          <reporter-output>
          </reporter-output>
        </test-method> <!-- setupPage -->
        <test-method signature="TC033_pageLoadsInUnder3Seconds()[pri:0, instance:testCases.CarbohydrateCalculatorTest@389adf1d]" started-at="2026-05-08T02:59:23 EDT" name="TC033_pageLoadsInUnder3Seconds" finished-at="2026-05-08T02:59:23 EDT" duration-ms="284" status="PASS">
          <reporter-output>
          </reporter-output>
        </test-method> <!-- TC033_pageLoadsInUnder3Seconds -->
        <test-method is-config="true" signature="tearDown()[pri:0, instance:testCases.CarbohydrateCalculatorTest@389adf1d]" started-at="2026-05-08T02:59:23 EDT" name="tearDown" finished-at="2026-05-08T02:59:23 EDT" duration-ms="210" status="PASS">
          <reporter-output>
          </reporter-output>
        </test-method> <!-- tearDown -->
        <test-method is-config="true" signature="setUp()[pri:0, instance:testCases.CarbohydrateCalculatorTest@389adf1d]" started-at="2026-05-08T02:59:23 EDT" name="setUp" finished-at="2026-05-08T02:59:25 EDT" duration-ms="1939" status="PASS">
          <reporter-output>
          </reporter-output>
        </test-method> <!-- setUp -->
        <test-method is-config="true" signature="setupPage()[pri:0, instance:testCases.CarbohydrateCalculatorTest@389adf1d]" started-at="2026-05-08T02:59:25 EDT" name="setupPage" finished-at="2026-05-08T02:59:26 EDT" duration-ms="881" status="PASS">
          <reporter-output>
          </reporter-output>
        </test-method> <!-- setupPage -->
        <test-method signature="TC036_allFieldsHaveAssociatedLabels()[pri:0, instance:testCases.CarbohydrateCalculatorTest@389adf1d]" started-at="2026-05-08T02:59:26 EDT" name="TC036_allFieldsHaveAssociatedLabels" finished-at="2026-05-08T02:59:26 EDT" duration-ms="32" status="FAIL">
          <exception class="java.lang.AssertionError">
            <message>
              <![CDATA[Missing label for: Age (cage) expected [true] but found [false]]]>
            </message>
            <full-stacktrace>
              <![CDATA[java.lang.AssertionError: Missing label for: Age (cage) expected [true] but found [false]
at org.testng.Assert.fail(Assert.java:111)
at org.testng.Assert.failNotEquals(Assert.java:1590)
at org.testng.Assert.assertTrue(Assert.java:57)
at testCases.CarbohydrateCalculatorTest.TC036_allFieldsHaveAssociatedLabels(CarbohydrateCalculatorTest.java:157)
at java.base/jdk.internal.reflect.DirectMethodHandleAccessor.invoke(DirectMethodHandleAccessor.java:103)
at java.base/java.lang.reflect.Method.invoke(Method.java:580)
at org.testng.internal.invokers.MethodInvocationHelper.invokeMethod(MethodInvocationHelper.java:141)
at org.testng.internal.invokers.TestInvoker.invokeMethod(TestInvoker.java:697)
at org.testng.internal.invokers.TestInvoker.invokeTestMethod(TestInvoker.java:230)
at org.testng.internal.invokers.MethodRunner.runInSequence(MethodRunner.java:63)
at org.testng.internal.invokers.TestInvoker$MethodInvocationAgent.invoke(TestInvoker.java:1005)
at org.testng.internal.invokers.TestInvoker.invokeTestMethods(TestInvoker.java:203)
at org.testng.internal.invokers.TestMethodWorker.invokeTestMethods(TestMethodWorker.java:154)
at org.testng.internal.invokers.TestMethodWorker.run(TestMethodWorker.java:134)
at java.base/java.util.ArrayList.forEach(ArrayList.java:1596)
at org.testng.TestRunner.privateRun(TestRunner.java:744)
at org.testng.TestRunner.run(TestRunner.java:616)
at org.testng.SuiteRunner.runTest(SuiteRunner.java:421)
at org.testng.SuiteRunner.runSequentially(SuiteRunner.java:413)
at org.testng.SuiteRunner.privateRun(SuiteRunner.java:373)
at org.testng.SuiteRunner.run(SuiteRunner.java:312)
at org.testng.SuiteRunnerWorker.runSuite(SuiteRunnerWorker.java:52)
at org.testng.SuiteRunnerWorker.run(SuiteRunnerWorker.java:95)
at org.testng.TestNG.runSuitesSequentially(TestNG.java:1274)
at org.testng.TestNG.runSuitesLocally(TestNG.java:1208)
at org.testng.TestNG.runSuites(TestNG.java:1112)
at org.testng.TestNG.run(TestNG.java:1079)
at org.testng.remote.AbstractRemoteTestNG.run(AbstractRemoteTestNG.java:115)
at org.testng.remote.RemoteTestNG.initAndRun(RemoteTestNG.java:293)
at org.testng.remote.RemoteTestNG.main(RemoteTestNG.java:91)
]]>
            </full-stacktrace>
          </exception> <!-- java.lang.AssertionError -->
          <reporter-output>
          </reporter-output>
        </test-method> <!-- TC036_allFieldsHaveAssociatedLabels -->
        <test-method is-config="true" signature="tearDown()[pri:0, instance:testCases.CarbohydrateCalculatorTest@389adf1d]" started-at="2026-05-08T02:59:26 EDT" name="tearDown" finished-at="2026-05-08T02:59:27 EDT" duration-ms="146" status="PASS">
          <reporter-output>
          </reporter-output>
        </test-method> <!-- tearDown -->
        <test-method is-config="true" signature="setUp()[pri:0, instance:testCases.CarbohydrateCalculatorTest@389adf1d]" started-at="2026-05-08T02:59:27 EDT" name="setUp" finished-at="2026-05-08T02:59:28 EDT" duration-ms="1792" status="PASS">
          <reporter-output>
          </reporter-output>
        </test-method> <!-- setUp -->
        <test-method is-config="true" signature="setupPage()[pri:0, instance:testCases.CarbohydrateCalculatorTest@389adf1d]" started-at="2026-05-08T02:59:28 EDT" name="setupPage" finished-at="2026-05-08T02:59:29 EDT" duration-ms="1072" status="PASS">
          <reporter-output>
          </reporter-output>
        </test-method> <!-- setupPage -->
        <test-method signature="TC048_resultNotShownBeforeFirstCalculation()[pri:0, instance:testCases.CarbohydrateCalculatorTest@389adf1d]" started-at="2026-05-08T02:59:29 EDT" name="TC048_resultNotShownBeforeFirstCalculation" finished-at="2026-05-08T02:59:35 EDT" duration-ms="5241" status="PASS">
          <reporter-output>
          </reporter-output>
        </test-method> <!-- TC048_resultNotShownBeforeFirstCalculation -->
        <test-method is-config="true" signature="tearDown()[pri:0, instance:testCases.CarbohydrateCalculatorTest@389adf1d]" started-at="2026-05-08T02:59:35 EDT" name="tearDown" finished-at="2026-05-08T02:59:35 EDT" duration-ms="230" status="PASS">
          <reporter-output>
          </reporter-output>
        </test-method> <!-- tearDown -->
        <test-method is-config="true" signature="setUp()[pri:0, instance:testCases.CarbohydrateCalculatorTest@389adf1d]" started-at="2026-05-08T02:59:35 EDT" name="setUp" finished-at="2026-05-08T02:59:37 EDT" duration-ms="1896" status="PASS">
          <reporter-output>
          </reporter-output>
        </test-method> <!-- setUp -->
        <test-method is-config="true" signature="setupPage()[pri:0, instance:testCases.CarbohydrateCalculatorTest@389adf1d]" started-at="2026-05-08T02:59:37 EDT" name="setupPage" finished-at="2026-05-08T02:59:38 EDT" duration-ms="804" status="PASS">
          <reporter-output>
          </reporter-output>
        </test-method> <!-- setupPage -->
        <test-method signature="TC050_printResultSectionIsClean()[pri:0, instance:testCases.CarbohydrateCalculatorTest@389adf1d]" started-at="2026-05-08T02:59:38 EDT" name="TC050_printResultSectionIsClean" finished-at="2026-05-08T02:59:41 EDT" duration-ms="3004" status="PASS">
          <reporter-output>
          </reporter-output>
        </test-method> <!-- TC050_printResultSectionIsClean -->
        <test-method is-config="true" signature="tearDown()[pri:0, instance:testCases.CarbohydrateCalculatorTest@389adf1d]" started-at="2026-05-08T02:59:41 EDT" name="tearDown" finished-at="2026-05-08T02:59:41 EDT" duration-ms="206" status="PASS">
          <reporter-output>
          </reporter-output>
        </test-method> <!-- tearDown -->
        <test-method is-config="true" signature="afterSuite()[pri:0, instance:testCases.CarbohydrateCalculatorTest@389adf1d]" started-at="2026-05-08T02:59:41 EDT" name="afterSuite" finished-at="2026-05-08T02:59:42 EDT" duration-ms="1598" status="PASS">
          <reporter-output>
          </reporter-output>
        </test-method> <!-- afterSuite -->
        <test-method is-config="true" signature="tearDownSuite()[pri:0, instance:testCases.CarbohydrateCalculatorTest@389adf1d]" started-at="2026-05-08T02:59:42 EDT" name="tearDownSuite" finished-at="2026-05-08T02:59:42 EDT" duration-ms="39" status="PASS">
          <reporter-output>
          </reporter-output>
        </test-method> <!-- tearDownSuite -->
      </class> <!-- testCases.CarbohydrateCalculatorTest -->
    </test> <!-- Test -->
  </suite> <!-- Suite -->
</testng-results>
