<?xml version="1.0" encoding="UTF-8"?>
<!-- Generated by org.testng.reporters.JUnitReportReporter -->
<testsuite hostname="Ritiks-MacBook-Pro.local" failures="1" tests="10" name="testCases.CarbohydrateCalculatorTest" time="43.878" errors="0" timestamp="2026-05-07T16:34:56 EDT" skipped="0">
  <testcase classname="testCases.CarbohydrateCalculatorTest" name="TC058_resultNotShownBeforeFirstCalculation" time="7.265"/>
  <testcase classname="testCases.CarbohydrateCalculatorTest" name="TC037_equivalentImperialAndMetricInputs_ResultsWithinTolerance" time="5.706"/>
  <testcase classname="testCases.CarbohydrateCalculatorTest" name="TC021_specialCharactersInAgeField_ShouldShowValidationError" time="4.083"/>
  <testcase classname="testCases.CarbohydrateCalculatorTest" name="TC031_minValidHeight_Imperial_ShouldYieldResult" time="3.628"/>
  <testcase classname="testCases.CarbohydrateCalculatorTest" name="TC010_emptyWeightField_ShouldShowValidationError" time="4.135"/>
  <testcase classname="testCases.CarbohydrateCalculatorTest" name="TC060_printResultSectionIsClean" time="3.737"/>
  <testcase classname="testCases.CarbohydrateCalculatorTest" name="TC038_MifflinStJeor_BMRFormulaVerification" time="6.685"/>
  <testcase classname="testCases.CarbohydrateCalculatorTest" name="TC045_allFieldsHaveAssociatedLabels" time="1.949">
    <failure message="Missing label for: Age (cage) expected [true] but found [false]" type="java.lang.AssertionError">
      <![CDATA[java.lang.AssertionError: Missing label for: Age (cage) expected [true] but found [false]
at org.testng.Assert.fail(Assert.java:111)
at org.testng.Assert.failNotEquals(Assert.java:1590)
at org.testng.Assert.assertTrue(Assert.java:57)
at testCases.CarbohydrateCalculatorTest.TC045_allFieldsHaveAssociatedLabels(CarbohydrateCalculatorTest.java:157)
at java.base/jdk.internal.reflect.DirectMethodHandleAccessor.invoke(DirectMethodHandleAccessor.java:103)
at java.base/java.lang.reflect.Method.invoke(Method.java:580)
at org.testng.internal.invokers.MethodInvocationHelper.invokeMethod(MethodInvocationHelper.java:141)
at org.testng.internal.invokers.TestInvoker.invokeMethod(TestInvoker.java:697)
at org.testng.internal.invokers.TestInvoker.invokeTestMethod(TestInvoker.java:230)
at org.testng.internal.invokers.MethodRunner.runInSequence(MethodRunner.java:63)
at org.testng.internal.invokers.TestInvoker$MethodInvocationAgent.invoke(TestInvoker.java:1005)
at org.testng.internal.invokers.TestInvoker.invokeTestMethods(TestInvoker.java:203)
at org.testng.internal.invokers.TestMethodWorker.invokeTestMethods(TestMethodWorker.java:154)
at org.testng.internal.invokers.TestMethodWorker.run(TestMethodWorker.java:134)
at java.base/java.util.ArrayList.forEach(ArrayList.java:1596)
at org.testng.TestRunner.privateRun(TestRunner.java:744)
at org.testng.TestRunner.run(TestRunner.java:616)
at org.testng.SuiteRunner.runTest(SuiteRunner.java:421)
at org.testng.SuiteRunner.runSequentially(SuiteRunner.java:413)
at org.testng.SuiteRunner.privateRun(SuiteRunner.java:373)
at org.testng.SuiteRunner.run(SuiteRunner.java:312)
at org.testng.SuiteRunnerWorker.runSuite(SuiteRunnerWorker.java:52)
at org.testng.SuiteRunnerWorker.run(SuiteRunnerWorker.java:95)
at org.testng.TestNG.runSuitesSequentially(TestNG.java:1274)
at org.testng.TestNG.runSuitesLocally(TestNG.java:1208)
at org.testng.TestNG.runSuites(TestNG.java:1112)
at org.testng.TestNG.run(TestNG.java:1079)
at org.testng.remote.AbstractRemoteTestNG.run(AbstractRemoteTestNG.java:115)
at org.testng.remote.RemoteTestNG.initAndRun(RemoteTestNG.java:293)
at org.testng.remote.RemoteTestNG.main(RemoteTestNG.java:91)
]]>
    </failure>
  </testcase> <!-- TC045_allFieldsHaveAssociatedLabels -->
  <testcase classname="testCases.CarbohydrateCalculatorTest" name="TC001_calculateCarbsForAverageAdultMale_Imperial" time="4.523"/>
  <testcase classname="testCases.CarbohydrateCalculatorTest" name="TC042_pageLoadsInUnder3Seconds" time="2.167"/>
</testsuite> <!-- testCases.CarbohydrateCalculatorTest -->
